[    0.000000] Linux version 4.15.0-212-generic (buildd@lcy02-amd64-083) (gcc version 7.5.0 (Ubuntu 7.5.0-3ubuntu1~18.04)) #223-Ubuntu SMP Tue May 23 13:09:22 UTC 2023 (Ubuntu 4.15.0-212.223-generic 4.15.18)
[    0.000000] Command line: BOOT_IMAGE=/boot/vmlinuz-4.15.0-212-generic root=LABEL=cloudimg-rootfs ro console=tty1 console=ttyS0
[    0.000000] KERNEL supported cpus:
[    0.000000]   Intel GenuineIntel
[    0.000000]   AMD AuthenticAMD
[    0.000000]   Centaur CentaurHauls
[    0.000000] x86/fpu: x87 FPU will use FXSAVE
[    0.000000] e820: BIOS-provided physical RAM map:
[    0.000000] BIOS-e820: [mem 0x0000000000000000-0x000000000009fbff] usable
[    0.000000] BIOS-e820: [mem 0x000000000009fc00-0x000000000009ffff] reserved
[    0.000000] BIOS-e820: [mem 0x00000000000f0000-0x00000000000fffff] reserved
[    0.000000] BIOS-e820: [mem 0x0000000000100000-0x00000000dffeffff] usable
[    0.000000] BIOS-e820: [mem 0x00000000dfff0000-0x00000000dfffffff] ACPI data
[    0.000000] BIOS-e820: [mem 0x00000000fec00000-0x00000000fec00fff] reserved
[    0.000000] BIOS-e820: [mem 0x00000000fee00000-0x00000000fee00fff] reserved
[    0.000000] BIOS-e820: [mem 0x00000000fffc0000-0x00000000ffffffff] reserved
[    0.000000] BIOS-e820: [mem 0x0000000100000000-0x000000011fffffff] usable
[    0.000000] NX (Execute Disable) protection: active
[    0.000000] SMBIOS 2.5 present.
[    0.000000] DMI: innotek GmbH VirtualBox/VirtualBox, BIOS VirtualBox 12/01/2006
[    0.000000] Hypervisor detected: KVM
[    0.000000] e820: last_pfn = 0x120000 max_arch_pfn = 0x400000000
[    0.000000] MTRR: Disabled
[    0.000000] x86/PAT: MTRRs disabled, skipping PAT initialization too.
[    0.000000] CPU MTRRs all blank - virtualized system.
[    0.000000] x86/PAT: Configuration [0-7]: WB  WT  UC- UC  WB  WT  UC- UC  
[    0.000000] e820: last_pfn = 0xdfff0 max_arch_pfn = 0x400000000
[    0.000000] found SMP MP-table at [mem 0x0009fff0-0x0009ffff]
[    0.000000] Scanning 1 areas for low memory corruption
[    0.000000] RAMDISK: [mem 0x359cb000-0x36cdcfff]
[    0.000000] ACPI: Early table checksum verification disabled
[    0.000000] ACPI: RSDP 0x00000000000E0000 000024 (v02 VBOX  )
[    0.000000] ACPI: XSDT 0x00000000DFFF0030 00003C (v01 VBOX   VBOXXSDT 00000001 ASL  00000061)
[    0.000000] ACPI: FACP 0x00000000DFFF00F0 0000F4 (v04 VBOX   VBOXFACP 00000001 ASL  00000061)
[    0.000000] ACPI: DSDT 0x00000000DFFF0610 002353 (v02 VBOX   VBOXBIOS 00000002 INTL 20100528)
[    0.000000] ACPI: FACS 0x00000000DFFF0200 000040
[    0.000000] ACPI: FACS 0x00000000DFFF0200 000040
[    0.000000] ACPI: APIC 0x00000000DFFF0240 00005C (v02 VBOX   VBOXAPIC 00000001 ASL  00000061)
[    0.000000] ACPI: SSDT 0x00000000DFFF02A0 00036C (v01 VBOX   VBOXCPUT 00000002 INTL 20100528)
[    0.000000] ACPI: Reserving FACP table memory at [mem 0xdfff00f0-0xdfff01e3]
[    0.000000] ACPI: Reserving DSDT table memory at [mem 0xdfff0610-0xdfff2962]
[    0.000000] ACPI: Reserving FACS table memory at [mem 0xdfff0200-0xdfff023f]
[    0.000000] ACPI: Reserving FACS table memory at [mem 0xdfff0200-0xdfff023f]
[    0.000000] ACPI: Reserving APIC table memory at [mem 0xdfff0240-0xdfff029b]
[    0.000000] ACPI: Reserving SSDT table memory at [mem 0xdfff02a0-0xdfff060b]
[    0.000000] No NUMA configuration found
[    0.000000] Faking a node at [mem 0x0000000000000000-0x000000011fffffff]
[    0.000000] NODE_DATA(0) allocated [mem 0x11ffd5000-0x11fffffff]
[    0.000000] kvm-clock: cpu 0, msr 1:1ff54001, primary cpu clock
[    0.000000] kvm-clock: Using msrs 4b564d01 and 4b564d00
[    0.000000] kvm-clock: using sched offset of 3617197393 cycles
[    0.000000] clocksource: kvm-clock: mask: 0xffffffffffffffff max_cycles: 0x1cd42e4dffb, max_idle_ns: 881590591483 ns
[    0.000000] Zone ranges:
[    0.000000]   DMA      [mem 0x0000000000001000-0x0000000000ffffff]
[    0.000000]   DMA32    [mem 0x0000000001000000-0x00000000ffffffff]
[    0.000000]   Normal   [mem 0x0000000100000000-0x000000011fffffff]
[    0.000000]   Device   empty
[    0.000000] Movable zone start for each node
[    0.000000] Early memory node ranges
[    0.000000]   node   0: [mem 0x0000000000001000-0x000000000009efff]
[    0.000000]   node   0: [mem 0x0000000000100000-0x00000000dffeffff]
[    0.000000]   node   0: [mem 0x0000000100000000-0x000000011fffffff]
[    0.000000] Reserved but unavailable: 104 pages
[    0.000000] Initmem setup node 0 [mem 0x0000000000001000-0x000000011fffffff]
[    0.000000] ACPI: PM-Timer IO Port: 0x4008
[    0.000000] IOAPIC[0]: apic_id 2, version 32, address 0xfec00000, GSI 0-23
[    0.000000] ACPI: INT_SRC_OVR (bus 0 bus_irq 0 global_irq 2 dfl dfl)
[    0.000000] ACPI: INT_SRC_OVR (bus 0 bus_irq 9 global_irq 9 low level)
[    0.000000] Using ACPI (MADT) for SMP configuration information
[    0.000000] smpboot: Allowing 2 CPUs, 0 hotplug CPUs
[    0.000000] PM: Registered nosave memory: [mem 0x00000000-0x00000fff]
[    0.000000] PM: Registered nosave memory: [mem 0x0009f000-0x0009ffff]
[    0.000000] PM: Registered nosave memory: [mem 0x000a0000-0x000effff]
[    0.000000] PM: Registered nosave memory: [mem 0x000f0000-0x000fffff]
[    0.000000] PM: Registered nosave memory: [mem 0xdfff0000-0xdfffffff]
[    0.000000] PM: Registered nosave memory: [mem 0xe0000000-0xfebfffff]
[    0.000000] PM: Registered nosave memory: [mem 0xfec00000-0xfec00fff]
[    0.000000] PM: Registered nosave memory: [mem 0xfec01000-0xfedfffff]
[    0.000000] PM: Registered nosave memory: [mem 0xfee00000-0xfee00fff]
[    0.000000] PM: Registered nosave memory: [mem 0xfee01000-0xfffbffff]
[    0.000000] PM: Registered nosave memory: [mem 0xfffc0000-0xffffffff]
[    0.000000] e820: [mem 0xe0000000-0xfebfffff] available for PCI devices
[    0.000000] Booting paravirtualized kernel on KVM
[    0.000000] clocksource: refined-jiffies: mask: 0xffffffff max_cycles: 0xffffffff, max_idle_ns: 7645519600211568 ns
[    0.000000] setup_percpu: NR_CPUS:8192 nr_cpumask_bits:2 nr_cpu_ids:2 nr_node_ids:1
[    0.000000] percpu: Embedded 50 pages/cpu s167936 r8192 d28672 u1048576
[    0.000000] PV qspinlock hash table entries: 256 (order: 0, 4096 bytes)
[    0.000000] Built 1 zonelists, mobility grouping on.  Total pages: 1032057
[    0.000000] Policy zone: Normal
[    0.000000] Kernel command line: BOOT_IMAGE=/boot/vmlinuz-4.15.0-212-generic root=LABEL=cloudimg-rootfs ro console=tty1 console=ttyS0
[    0.000000] Memory: 4013268K/4193848K available (12300K kernel code, 2477K rwdata, 4324K rodata, 2480K init, 2720K bss, 180580K reserved, 0K cma-reserved)
[    0.000000] SLUB: HWalign=64, Order=0-3, MinObjects=0, CPUs=2, Nodes=1
[    0.000000] ftrace: allocating 39508 entries in 155 pages
[    0.004000] Hierarchical RCU implementation.
[    0.004000] 	RCU restricting CPUs from NR_CPUS=8192 to nr_cpu_ids=2.
[    0.004000] 	Tasks RCU enabled.
[    0.004000] RCU: Adjusting geometry for rcu_fanout_leaf=16, nr_cpu_ids=2
[    0.004000] NR_IRQS: 524544, nr_irqs: 440, preallocated irqs: 16
[    0.004000] random: crng init done
[    0.004000] Console: colour VGA+ 80x25
[    0.004000] console [tty1] enabled
[    0.004000] console [ttyS0] enabled
[    0.004000] ACPI: Core revision 20170831
[    0.004000] ACPI: 2 ACPI AML tables successfully acquired and loaded
[    0.004000] APIC: Switch to symmetric I/O mode setup
[    0.004000] ..TIMER: vector=0x30 apic1=0 pin1=2 apic2=-1 pin2=-1
[    0.004000] tsc: Detected 2903.996 MHz processor
[    0.004000] Calibrating delay loop (skipped) preset value.. 5807.99 BogoMIPS (lpj=11615984)
[    0.004000] pid_max: default: 32768 minimum: 301
[    0.004000] Security Framework initialized
[    0.004000] Yama: becoming mindful.
[    0.004000] AppArmor: AppArmor initialized
[    0.033018] Dentry cache hash table entries: 524288 (order: 10, 4194304 bytes)
[    0.045755] Inode-cache hash table entries: 262144 (order: 9, 2097152 bytes)
[    0.048447] Mount-cache hash table entries: 8192 (order: 4, 65536 bytes)
[    0.052196] Mountpoint-cache hash table entries: 8192 (order: 4, 65536 bytes)
[    0.064097] Last level iTLB entries: 4KB 64, 2MB 8, 4MB 8
[    0.068046] Last level dTLB entries: 4KB 64, 2MB 0, 4MB 0, 1GB 4
[    0.072010] Spectre V1 : Mitigation: usercopy/swapgs barriers and __user pointer sanitization
[    0.076037] Spectre V2 : Mitigation: Enhanced IBRS
[    0.080020] Spectre V2 : Spectre v2 / SpectreRSB mitigation: Filling RSB on context switch
[    0.084005] Spectre V2 : Spectre v2 / PBRSB-eIBRS: Retire a single CALL on VMEXIT
[    0.088017] RETBleed: Mitigation: Enhanced IBRS
[    0.092026] Speculative Store Bypass: Vulnerable
[    0.096053] MMIO Stale Data: Vulnerable: Clear CPU buffers attempted, no microcode
[    0.104027] SRBDS: Unknown: Dependent on hypervisor status
[    0.108925] Freeing SMP alternatives memory: 36K
[    0.232412] smpboot: CPU0: Intel(R) Core(TM) i5-10400 CPU @ 2.90GHz (family: 0x6, model: 0xa5, stepping: 0x3)
[    0.236414] Performance Events: unsupported p6 CPU model 165 no PMU driver, software events only.
[    0.240336] Hierarchical SRCU implementation.
[    0.249228] NMI watchdog: Perf event create on CPU 0 failed with -2
[    0.252021] NMI watchdog: Perf NMI watchdog permanently disabled
[    0.256287] smp: Bringing up secondary CPUs ...
[    0.260752] x86: Booting SMP configuration:
[    0.264002] .... node  #0, CPUs:      #1
[    0.004000] kvm-clock: cpu 1, msr 1:1ff54041, secondary cpu clock
[    0.275986] TSC synchronization [CPU#0 -> CPU#1]:
[    0.276000] Measured 101041 cycles TSC warp between CPUs, turning off TSC clock.
[    0.276000] tsc: Marking TSC unstable due to check_tsc_sync_source failed
[    0.280220] smp: Brought up 1 node, 2 CPUs
[    0.283078] smpboot: Max logical packages: 1
[    0.284010] smpboot: Total of 2 processors activated (11615.98 BogoMIPS)
[    0.292420] devtmpfs: initialized
[    0.294519] x86/mm: Memory block size: 128MB
[    0.296996] evm: security.selinux
[    0.300008] evm: security.SMACK64
[    0.304004] evm: security.SMACK64EXEC
[    0.306534] evm: security.SMACK64TRANSMUTE
[    0.308004] evm: security.SMACK64MMAP
[    0.312002] evm: security.apparmor
[    0.314470] evm: security.ima
[    0.316002] evm: security.capability
[    0.320363] clocksource: jiffies: mask: 0xffffffff max_cycles: 0xffffffff, max_idle_ns: 7645041785100000 ns
[    0.324023] futex hash table entries: 512 (order: 3, 32768 bytes)
[    0.328214] pinctrl core: initialized pinctrl subsystem
[    0.332494] RTC time:  2:00:26, date: 01/23/24
[    0.337421] NET: Registered protocol family 16
[    0.340133] audit: initializing netlink subsys (disabled)
[    0.344364] audit: type=2000 audit(1705975231.229:1): state=initialized audit_enabled=0 res=1
[    0.352008] cpuidle: using governor ladder
[    0.356009] cpuidle: using governor menu
[    0.360086] ACPI: bus type PCI registered
[    0.364039] acpiphp: ACPI Hot Plug PCI Controller Driver version: 0.5
[    0.368429] PCI: Using configuration type 1 for base access
[    0.376921] HugeTLB registered 2.00 MiB page size, pre-allocated 0 pages
[    0.384423] ACPI: Added _OSI(Module Device)
[    0.388008] ACPI: Added _OSI(Processor Device)
[    0.392002] ACPI: Added _OSI(3.0 _SCP Extensions)
[    0.396002] ACPI: Added _OSI(Processor Aggregator Device)
[    0.400039] ACPI: Added _OSI(Linux-Dell-Video)
[    0.404129] ACPI: Added _OSI(Linux-Lenovo-NV-HDMI-Audio)
[    0.408009] ACPI: Added _OSI(Linux-HPI-Hybrid-Graphics)
[    0.412891] ACPI: Executed 1 blocks of module-level executable AML code
[    0.424086] ACPI: Interpreter enabled
[    0.426674] ACPI: (supports S0 S5)
[    0.428005] ACPI: Using IOAPIC for interrupt routing
[    0.432667] PCI: Using host bridge windows from ACPI; if necessary, use "pci=nocrs" and report a bug
[    0.436259] ACPI: Enabled 2 GPEs in block 00 to 07
[    0.451586] ACPI: PCI Root Bridge [PCI0] (domain 0000 [bus 00-ff])
[    0.452008] acpi PNP0A03:00: _OSC: OS supports [ASPM ClockPM Segments MSI]
[    0.456689] acpi PNP0A03:00: _OSC: not requesting OS control; OS requires [ExtendedConfig ASPM ClockPM MSI]
[    0.460030] acpi PNP0A03:00: fail to add MMCONFIG information, can't access extended PCI configuration space under this bridge.
[    0.464854] PCI host bridge to bus 0000:00
[    0.468007] pci_bus 0000:00: root bus resource [io  0x0000-0x0cf7 window]
[    0.472008] pci_bus 0000:00: root bus resource [io  0x0d00-0xffff window]
[    0.476005] pci_bus 0000:00: root bus resource [mem 0x000a0000-0x000bffff window]
[    0.480011] pci_bus 0000:00: root bus resource [mem 0xe0000000-0xfdffffff window]
[    0.484007] pci_bus 0000:00: root bus resource [bus 00-ff]
[    0.496549] pci 0000:00:01.1: legacy IDE quirk: reg 0x10: [io  0x01f0-0x01f7]
[    0.500004] pci 0000:00:01.1: legacy IDE quirk: reg 0x14: [io  0x03f6]
[    0.504004] pci 0000:00:01.1: legacy IDE quirk: reg 0x18: [io  0x0170-0x0177]
[    0.508010] pci 0000:00:01.1: legacy IDE quirk: reg 0x1c: [io  0x0376]
[    0.535516] pci 0000:00:07.0: quirk: [io  0x4000-0x403f] claimed by PIIX4 ACPI
[    0.536034] pci 0000:00:07.0: quirk: [io  0x4100-0x410f] claimed by PIIX4 SMB
[    0.554660] ACPI: PCI Interrupt Link [LNKA] (IRQs 5 9 10 *11)
[    0.556504] ACPI: PCI Interrupt Link [LNKB] (IRQs 5 9 *10 11)
[    0.564150] ACPI: PCI Interrupt Link [LNKC] (IRQs 5 *9 10 11)
[    0.568180] ACPI: PCI Interrupt Link [LNKD] (IRQs 5 9 10 *11)
[    0.572706] SCSI subsystem initialized
[    0.576299] pci 0000:00:02.0: vgaarb: setting as boot VGA device
[    0.580000] pci 0000:00:02.0: vgaarb: VGA device added: decodes=io+mem,owns=io+mem,locks=none
[    0.580080] pci 0000:00:02.0: vgaarb: bridge control possible
[    0.584011] vgaarb: loaded
[    0.588149] ACPI: bus type USB registered
[    0.592120] usbcore: registered new interface driver usbfs
[    0.596030] usbcore: registered new interface driver hub
[    0.600064] usbcore: registered new device driver usb
[    0.608185] EDAC MC: Ver: 3.0.0
[    0.613659] PCI: Using ACPI for IRQ routing
[    0.620447] NetLabel: Initializing
[    0.622975] NetLabel:  domain hash size = 128
[    0.624037] NetLabel:  protocols = UNLABELED CIPSOv4 CALIPSO
[    0.628058] NetLabel:  unlabeled traffic allowed by default
[    0.641033] clocksource: Switched to clocksource kvm-clock
[    0.671701] VFS: Disk quotas dquot_6.6.0
[    0.671701] VFS: Dquot-cache hash table entries: 512 (order 0, 4096 bytes)
[    0.671701] AppArmor: AppArmor Filesystem Enabled
[    0.671701] pnp: PnP ACPI init
[    0.671701] pnp: PnP ACPI: found 3 devices
[    0.764952] clocksource: acpi_pm: mask: 0xffffff max_cycles: 0xffffff, max_idle_ns: 2085701024 ns
[    0.768847] NET: Registered protocol family 2
[    0.768847] IP idents hash table entries: 65536 (order: 7, 524288 bytes)
[    0.788114] TCP established hash table entries: 32768 (order: 6, 262144 bytes)
[    0.794236] TCP bind hash table entries: 32768 (order: 7, 524288 bytes)
[    0.797490] TCP: Hash tables configured (established 32768 bind 32768)
[    0.797490] UDP hash table entries: 2048 (order: 4, 65536 bytes)
[    0.797490] UDP-Lite hash table entries: 2048 (order: 4, 65536 bytes)
[    0.797490] NET: Registered protocol family 1
[    0.797490] pci 0000:00:00.0: Limiting direct PCI/PCI transfers
[    0.797490] pci 0000:00:01.0: Activating ISA DMA hang workarounds
[    0.797490] pci 0000:00:02.0: Video device with shadowed ROM at [mem 0x000c0000-0x000dffff]
[    0.797490] Unpacking initramfs...
[    1.238671] Freeing initrd memory: 19528K
[    1.242157] PCI-DMA: Using software bounce buffering for IO (SWIOTLB)
[    1.247223] software IO TLB: mapped [mem 0xdbff0000-0xdfff0000] (64MB)
[    1.251855] clocksource: tsc: mask: 0xffffffffffffffff max_cycles: 0x29dc020bb13, max_idle_ns: 440795273180 ns
[    1.258702] platform rtc_cmos: registered platform RTC device (no PNP device found)
[    1.264657] Scanning for low memory corruption every 60 seconds
[    1.270176] Initialise system trusted keyrings
[    1.273601] Key type blacklist registered
[    1.277293] workingset: timestamp_bits=36 max_order=20 bucket_order=0
[    1.285310] zbud: loaded
[    1.288671] squashfs: version 4.0 (2009/01/31) Phillip Lougher
[    1.294972] fuse init (API version 7.26)
[    1.315411] Key type asymmetric registered
[    1.318871] Asymmetric key parser 'x509' registered
[    1.322440] Block layer SCSI generic (bsg) driver version 0.4 loaded (major 246)
[    1.328286] io scheduler noop registered
[    1.330982] io scheduler deadline registered
[    1.334064] io scheduler cfq registered (default)
[    1.338038] ACPI: AC Adapter [AC] (on-line)
[    1.341361] input: Power Button as /devices/LNXSYSTM:00/LNXPWRBN:00/input/input0
[    1.347747] ACPI: Power Button [PWRF]
[    1.352262] input: Sleep Button as /devices/LNXSYSTM:00/LNXSLPBN:00/input/input1
[    1.358585] ACPI: Sleep Button [SLPF]
[    1.366111] Serial: 8250/16550 driver, 32 ports, IRQ sharing enabled
[    1.401691] 00:02: ttyS0 at I/O 0x3f8 (irq = 4, base_baud = 115200) is a 16550A
[    1.425181] Linux agpgart interface v0.103
[    1.438229] loop: module loaded
[    1.443411] scsi host0: ata_piix
[    1.447760] scsi host1: ata_piix
[    1.450346] ata1: PATA max UDMA/33 cmd 0x1f0 ctl 0x3f6 bmdma 0xd000 irq 14
[    1.454249] ata2: PATA max UDMA/33 cmd 0x170 ctl 0x376 bmdma 0xd008 irq 15
[    1.460238] tun: Universal TUN/TAP device driver, 1.6
[    1.464498] PPP generic driver version 2.4.2
[    1.468200] ehci_hcd: USB 2.0 'Enhanced' Host Controller (EHCI) Driver
[    1.473118] ehci-pci: EHCI PCI platform driver
[    1.476221] ehci-platform: EHCI generic platform driver
[    1.481564] ohci_hcd: USB 1.1 'Open' Host Controller (OHCI) Driver
[    1.485952] ohci-pci: OHCI PCI platform driver
[    1.489256] ohci-platform: OHCI generic platform driver
[    1.493714] uhci_hcd: USB Universal Host Controller Interface driver
[    1.498316] i8042: PNP: PS/2 Controller [PNP0303:PS2K,PNP0f03:PS2M] at 0x60,0x64 irq 1,12
[    1.506631] serio: i8042 KBD port at 0x60,0x64 irq 1
[    1.510858] serio: i8042 AUX port at 0x60,0x64 irq 12
[    1.516808] mousedev: PS/2 mouse device common for all mice
[    1.523923] rtc_cmos rtc_cmos: rtc core: registered rtc_cmos as rtc0
[    1.528908] input: AT Translated Set 2 keyboard as /devices/platform/i8042/serio0/input/input2
[    1.532679] rtc_cmos rtc_cmos: alarms up to one day, 114 bytes nvram
[    1.539965] i2c /dev entries driver
[    1.544545] device-mapper: uevent: version 1.0.3
[    1.592130] device-mapper: ioctl: 4.37.0-ioctl (2017-09-20) initialised: dm-devel@redhat.com
[    1.604166] ledtrig-cpu: registered to indicate activity on CPUs
[    1.624997] NET: Registered protocol family 10
[    1.762345] Segment Routing with IPv6
[    1.767534] NET: Registered protocol family 17
[    1.782594] Key type dns_resolver registered
[    1.789814] mce: Using 0 MCE banks
[    1.795092] RAS: Correctable Errors collector initialized.
[    1.802072] sched_clock: Marking stable (1801874320, 0)->(2958019286, -1156144966)
[    1.828279] registered taskstats version 1
[    1.833210] Loading compiled-in X.509 certificates
[    1.863969] Loaded X.509 cert 'Build time autogenerated kernel key: b5b26778eaa3ab3a4a6cee031137706e947d12ad'
[    1.883406] Loaded X.509 cert 'Canonical Ltd. Live Patch Signing: 14df34d1a87cf37625abec039ef2bf521249b969'
[    1.898883] Loaded X.509 cert 'Canonical Ltd. Kernel Module Signing: 88f752e560a1e0737e31163a466ad7b70a850c19'
[    1.918205] blacklist: Loading compiled-in revocation X.509 certificates
[    1.925977] Loaded X.509 cert 'Canonical Ltd. Secure Boot Signing: 61482aa2830d0ab2ad5af10b7250da9033ddcef0'
[    1.936176] Loaded X.509 cert 'Canonical Ltd. Secure Boot Signing (2017): 242ade75ac4a15e50d50c84b0d45ff3eae707a03'
[    1.945489] Loaded X.509 cert 'Canonical Ltd. Secure Boot Signing (ESM 2018): 365188c1d374d6b07c3c8f240f8ef722433d6a8b'
[    1.957182] Loaded X.509 cert 'Canonical Ltd. Secure Boot Signing (2019): c0746fd6c5da3ae827864651ad66ae47fe24b3e8'
[    1.966523] Loaded X.509 cert 'Canonical Ltd. Secure Boot Signing (2021 v1): a8d54bbb3825cfb94fa13c9f8a594a195c107b8d'
[    1.975526] Loaded X.509 cert 'Canonical Ltd. Secure Boot Signing (2021 v2): 4cf046892d6fd3c9a5b03f98d845f90851dc6a8c'
[    1.987242] Loaded X.509 cert 'Canonical Ltd. Secure Boot Signing (2021 v3): 100437bb6de6e469b581e61cd66bce3ef4ed53af'
[    1.997167] Loaded X.509 cert 'Canonical Ltd. Secure Boot Signing (Ubuntu Core 2019): c1d57b8f6b743f23ee41f4f7ee292f06eecadfb9'
[    2.010760] zswap: loaded using pool lzo/zbud
[    2.044180] Key type big_key registered
[    2.052720] Key type trusted registered
[    2.066320] Key type encrypted registered
[    2.073400] AppArmor: AppArmor sha1 policy hashing enabled
[    2.078864] ima: No TPM chip found, activating TPM-bypass! (rc=-19)
[    2.090291] ima: Allocated hash algorithm: sha1
[    2.100311] evm: HMAC attrs: 0x1
[    2.113143]   Magic number: 8:866:5
[    2.122180] rtc_cmos rtc_cmos: setting system clock to 2024-01-23 02:00:27 UTC (1705975227)
[    2.138169] BIOS EDD facility v0.16 2004-Jun-25, 0 devices found
[    2.148879] EDD information not available.
[    2.169759] Freeing unused kernel image memory: 2480K
[    2.223190] Write protecting the kernel read-only data: 20480k
[    2.230659] Freeing unused kernel image memory: 2008K
[    2.235244] Freeing unused kernel image memory: 1820K
[    2.248308] x86/mm: Checked W+X mappings: passed, no W+X pages found.
Loading, please wait...
starting version 237
[    2.525571] e1000: Intel(R) PRO/1000 Network Driver - version 7.3.21-k8-NAPI
[    2.532139] e1000: Copyright (c) 1999-2006 Intel Corporation.
[    2.540266] Fusion MPT base driver 3.04.20
[    2.543375] Copyright (c) 1999-2008 LSI Corporation
[    2.647129] Fusion MPT SPI Host driver 3.04.20
[    2.662492] SSE version of gcm_enc/dec engaged.
[    2.823729] input: ImExPS/2 Generic Explorer Mouse as /devices/platform/i8042/serio1/input/input4
[    3.470213] e1000 0000:00:03.0 eth0: (PCI:33MHz:32-bit) 02:3b:7b:b7:3b:2d
[    3.475998] e1000 0000:00:03.0 eth0: Intel(R) PRO/1000 Network Connection
[    4.840500] e1000 0000:00:08.0 eth1: (PCI:33MHz:32-bit) 08:00:27:17:40:c6
[    4.846854] e1000 0000:00:08.0 eth1: Intel(R) PRO/1000 Network Connection
[    4.858475] mptbase: ioc0: Initiating bringup
[    4.976932] ioc0: LSI53C1030 A0: Capabilities={Initiator}
[    5.247147] scsi host2: ioc0: LSI53C1030 A0, FwRev=00000000h, Ports=1, MaxQ=256, IRQ=20
[    5.421360] scsi 2:0:0:0: Direct-Access     VBOX     HARDDISK         1.0  PQ: 0 ANSI: 5
[    5.460607] scsi target2:0:0: Beginning Domain Validation
[    5.483611] scsi target2:0:0: Domain Validation skipping write tests
[    5.488555] scsi target2:0:0: Ending Domain Validation
[    5.493861] scsi target2:0:0: asynchronous
[    5.501075] scsi 2:0:1:0: Direct-Access     VBOX     HARDDISK         1.0  PQ: 0 ANSI: 5
[    5.832614] scsi target2:0:1: Beginning Domain Validation
[    5.845665] scsi target2:0:1: Domain Validation skipping write tests
[    5.850492] scsi target2:0:1: Ending Domain Validation
[    5.854689] scsi target2:0:1: asynchronous
[    5.872419] sd 2:0:0:0: Attached scsi generic sg0 type 0
[    5.876861] sd 2:0:1:0: Attached scsi generic sg1 type 0
[    5.877742] sd 2:0:0:0: [sda] 83886080 512-byte logical blocks: (42.9 GB/40.0 GiB)
[    5.887945] sd 2:0:0:0: [sda] Write Protect is off
[    5.892451] sd 2:0:1:0: [sdb] 20480 512-byte logical blocks: (10.5 MB/10.0 MiB)
[    5.899509] sd 2:0:0:0: [sda] Incomplete mode parameter data
[    5.905193] sd 2:0:0:0: [sda] Assuming drive cache: write through
[    5.909864] sd 2:0:1:0: [sdb] Write Protect is off
[    5.914266] sd 2:0:1:0: [sdb] Incomplete mode parameter data
[    5.918242] sd 2:0:1:0: [sdb] Assuming drive cache: write through
[    5.925103]  sda: sda1
[    5.928610] sd 2:0:0:0: [sda] Attached SCSI disk
[    5.937274] sd 2:0:1:0: [sdb] Attached SCSI disk
[    6.155203] e1000 0000:00:09.0 eth2: (PCI:33MHz:32-bit) 08:00:27:d4:cb:c6
[    6.161515] e1000 0000:00:09.0 eth2: Intel(R) PRO/1000 Network Connection
[    6.174631] e1000 0000:00:09.0 enp0s9: renamed from eth2
[    8.264503] e1000 0000:00:03.0 enp0s3: renamed from eth0
[   12.268879] e1000 0000:00:08.0 enp0s8: renamed from eth1
Begin: Loading essential drivers ... [   14.284984] raid6: sse2x1   gen() 11210 MB/s
[   14.332473] raid6: sse2x1   xor()  7577 MB/s
[   14.384171] raid6: sse2x2   gen() 15765 MB/s
[   14.432102] raid6: sse2x2   xor() 10096 MB/s
[   14.484434] raid6: sse2x4   gen() 15140 MB/s
[   14.532827] raid6: sse2x4   xor()  9317 MB/s
[   14.538034] raid6: using algorithm sse2x2 gen() 15765 MB/s
[   14.542779] raid6: .... xor() 10096 MB/s, rmw enabled
[   14.546469] raid6: using ssse3x2 recovery algorithm
[   14.552551] xor: measuring software checksum speed
[   14.662774]    prefetch64-sse: 61174.000 MB/sec
[   14.769637]    generic_sse: 57972.000 MB/sec
[   14.773156] xor: using function: prefetch64-sse (61174.000 MB/sec)
[   14.779263] async_tx: api initialized (async)
done.
Begin: Running /scripts/init-premount ... done.
Begin: Mounting root file system ... Begin: Running /scripts/local-top ... done.
Begin: Running /scripts/local-premount ... [   14.843680] Btrfs loaded, crc32c=crc32c-intel
Scanning for Btrfs filesystems
done.
Warning: fsck not present, so skipping root file system
[   14.897475] EXT4-fs (sda1): mounted filesystem with ordered data mode. Opts: (null)
done.
Begin: Running /scripts/local-bottom ... done.
Begin: Running /scripts/init-bottom ... done.
[   15.146121] ip_tables: (C) 2000-2006 Netfilter Core Team
[   15.166030] systemd[1]: systemd 237 running in system mode. (+PAM +AUDIT +SELINUX +IMA +APPARMOR +SMACK +SYSVINIT +UTMP +LIBCRYPTSETUP +GCRYPT +GNUTLS +ACL +XZ +LZ4 +SECCOMP +BLKID +ELFUTILS +KMOD -IDN2 +IDN -PCRE2 default-hierarchy=hybrid)
[   15.180506] systemd[1]: Detected virtualization oracle.
[   15.183908] systemd[1]: Detected architecture x86-64.

Welcome to [1mUbuntu 18.04.6 LTS[0m!

[   15.214653] systemd[1]: Set hostname to <ubuntu>.
[   15.223537] systemd[1]: Initializing machine ID from random generator.
[   15.227803] systemd[1]: Installed transient /etc/machine-id file.
[   15.598857] systemd[1]: Created slice System Slice.
[[0;32m  OK  [0m] Created slice System Slice.
[   15.620631] systemd[1]: Listening on Journal Socket.
[[0;32m  OK  [0m] Listening on Journal Socket.
[   15.625725] systemd[1]: Reached target User and Group Name Lookups.
[[0;32m  OK  [0m] Reached target User and Group Name Lookups.
[   15.631847] systemd[1]: Listening on LVM2 poll daemon socket.
[[0;32m  OK  [0m] Listening on LVM2 poll daemon socket.
[[0;32m  OK  [0m] Listening on fsck to fsckd communication Socket.
[[0;32m  OK  [0m] Reached target Swap.
[[0;32m  OK  [0m] Reached target System Time Synchronized.
         Starting Load Kernel Modules...
         Mounting Kernel Debug File System...
         Starting Uncomplicated firewall...
[[0;32m  OK  [0m] Reached target Mounting snaps.
[[0;32m  OK  [0m] Listening on Device-mapper event daemon FIFOs.
[[0;32m  OK  [0m] Listening on Syslog Socket.
         Mounting Huge Pages File System...
[[0;32m  OK  [0m] Created slice system-serial\x2dgetty.slice.[   15.669804] Loading iSCSI transport class v2.0-870.

[[0;32m  OK  [0m] Set up automount Arbitrary Executab…rmats File System Automount Point.
[[0;32m  OK  [0m] Listening on Network Service Netlink Socket.
[[0;32m  OK  [0m] Listening on Journal Socket (/dev/log).
[[0;32m  OK  [0m] [   15.693687] iscsi: registered transport (tcp)
Listening on udev Kernel Socket.
[[0;32m  OK  [0m] Started Forward Password Requests to Wall Directory Watch.
[[0;32m  OK  [0m] Listening on LVM2 metadata daemon socket.
[[0;32m  OK  [0m] Created slice User and Session Slice.
         Mounting POSIX Message Queue File System...
[[0;32m  OK  [0m] Reached target Mounted snaps.
         Starting Set the console keyboard layout...
[[0;32m  OK  [0m] Listening on udev Control Socket.
         Starting udev Coldplug all Devices...
         Starting File System Check on Root Device...
[[0;32m  OK  [0m] Reached target Slices.
[[0;32m  OK  [0m] Listening on /dev/initctl Compatibility Named Pipe.
[[0;32m  OK  [0m] Listening on Journal Audit Socket.
[   15.779623] iscsi: registered transport (iser)
         Starting Journal Service...
         Starting Create list of required st…ce nodes for the current kernel...
         Starting Monitoring of LVM2 mirrors…ng dmeventd or progress polling...
[[0;32m  OK  [0m] Started Load Kernel Modules.
[[0;32m  OK  [0m] Mounted Kernel Debug File System.
[[0;32m  OK  [0m] Started Uncomplicated firewall.
[[0;32m  OK  [0m] Mounted Huge Pages File System.
[[0;32m  OK  [0m] Mounted POSIX Message Queue File System.
[[0;32m  OK  [0m] Started Create list of required sta…vice nodes for the current kernel.
         Starting Create Static Device Nodes in /dev...
         Starting Apply Kernel Variables...
         Mounting FUSE Control File System...
         Mounting Kernel Configuration File System...
[[0;32m  OK  [0m] Mounted FUSE Control File System.
[[0;32m  OK  [0m] Started File System Check Daemon to report status.
[[0;32m  OK  [0m] Mounted Kernel Configuration File System.
[[0;32m  OK  [0m] Started Journal Service.
[[0;32m  OK  [0m] Started udev Coldplug all Devices.
[[0;32m  OK  [0m] Started Create Static Device Nodes in /dev.
[[0;32m  OK  [0m] Started LVM2 metadata daemon.
[[0;32m  OK  [0m] Started Apply Kernel Variables.
[[0;32m  OK  [0m] Started File System Check on Root Device.
         Starting Remount Root and Kernel File Systems...
[[0;32m  OK  [0m] Started Remount Root and Kernel File Systems.
         Starting udev Kernel Device Manager...
         Starting Flush Journal to Persistent Storage...
         Starting Load/Save Random Seed...
[[0;32m  OK  [0m] Started Monitoring of LVM2 mirrors,…sing dmeventd or progress polling.
[[0;32m  OK  [0m] Started udev Kernel Device Manager.
[[0;32m  OK  [0m] Started Load/Save Random Seed.
[[0;32m  OK  [0m] Started Flush Journal to Persistent Storage.
[[0;32m  OK  [0m] Found device /dev/ttyS0.
[[0;32m  OK  [0m] Listening on Load/Save RF Kill Switch Status /dev/rfkill Watch.
[[0;32m  OK  [0m] Started Set the console keyboard layout.
         Mounting Arbitrary Executable File Formats File System...
[[0;32m  OK  [0m] Started Dispatch Password Requests to Console Directory Watch.
[[0;32m  OK  [0m] Reached target Local Encrypted Volumes.
[[0;32m  OK  [0m] Reached target Local File Systems (Pre).
[[0;32m  OK  [0m] Reached target Local File Systems.
         Starting ebtables ruleset management...
         Starting Create Volatile Files and Directories...
         Starting Set console font and keymap...
         Starting AppArmor initialization...
         Starting Commit a transient machine-id on disk...
         Starting Tell Plymouth To Write Out Runtime Data...
[[0;32m  OK  [0m] Mounted Arbitrary Executable File Formats File System.
[[0;32m  OK  [0m] Started Create Volatile Files and Directories.
         Starting Update UTMP about System Boot/Shutdown...
[[0;32m  OK  [0m] Started Tell Plymouth To Write Out Runtime Data.
[[0;32m  OK  [0m] Started Update UTMP about System Boot/Shutdown.
[[0;32m  OK  [0m] Started Commit a transient machine-id on disk.
[[0;32m  OK  [0m] Started ebtables ruleset management.
[[0;32m  OK  [0m] Started AppArmor initialization.
         Starting Initial cloud-init job (pre-networking)...
         Starting Load AppArmor profiles managed internally by snapd...
[[0;32m  OK  [0m] Started Load AppArmor profiles managed internally by snapd.
[[0;32m  OK  [0m] Started Set console font and keymap.
[   19.534345] cloud-init[752]: Cloud-init v. 23.1.2-0ubuntu0~18.04.1 running 'init-local' at Tue, 23 Jan 2024 02:00:44 +0000. Up 19.14 seconds.
[[0;32m  OK  [0m] Started Initial cloud-init job (pre-networking).
[[0;32m  OK  [0m] Reached target Network (Pre).
         Starting Network Service...
[[0;32m  OK  [0m] Started Network Service.
         Starting Network Name Resolution...
         Starting Wait for Network to be Configured...
[[0;32m  OK  [0m] Started Network Name Resolution.
[[0;32m  OK  [0m] Reached target Host and Network Name Lookups.
[[0;32m  OK  [0m] Reached target Network.
[[0;32m  OK  [0m] Started Wait for Network to be Configured.
         Starting Initial cloud-init job (metadata service crawler)...
[   21.815556] cloud-init[923]: Cloud-init v. 23.1.2-0ubuntu0~18.04.1 running 'init' at Tue, 23 Jan 2024 02:00:47 +0000. Up 21.65 seconds.
[   21.818939] cloud-init[923]: ci-info: ++++++++++++++++++++++++++++++++++++++Net device info+++++++++++++++++++++++++++++++++++++++
[   21.822240] cloud-init[923]: ci-info: +--------+-------+----------------------------+---------------+--------+-------------------+
[   21.825501] cloud-init[923]: ci-info: | Device |   Up  |          Address           |      Mask     | Scope  |     Hw-Address    |
[   21.828477] cloud-init[923]: ci-info: +--------+-------+----------------------------+---------------+--------+-------------------+
[   21.831740] cloud-init[923]: ci-info: | enp0s3 |  True |         10.0.2.15          | 255.255.255.0 | global | 02:3b:7b:b7:3b:2d |
[   21.835325] cloud-init[923]: ci-info: | enp0s3 |  True | fe80::3b:7bff:feb7:3b2d/64 |       .       |  link  | 02:3b:7b:b7:3b:2d |
[   21.838554] cloud-init[923]: ci-info: | enp0s8 | False |             .              |       .       |   .    | 08:00:27:17:40:c6 |
[   21.841783] cloud-init[923]: ci-info: | enp0s9 | False |             .              |       .       |   .    | 08:00:27:d4:cb:c6 |
[   21.844779] cloud-init[923]: ci-info: |   lo   |  True |         127.0.0.1          |   255.0.0.0   |  host  |         .         |
[   21.847788] cloud-init[923]: ci-info: |   lo   |  True |          ::1/128           |       .       |  host  |         .         |
[   21.851634] cloud-init[923]: ci-info: +--------+-------+----------------------------+---------------+--------+-------------------+
[   21.855230] cloud-init[923]: ci-info: ++++++++++++++++++++++++++++Route IPv4 info+++++++++++++++++++++++++++++
[   21.858146] cloud-init[923]: ci-info: +-------+-------------+----------+-----------------+-----------+-------+
[   21.861021] cloud-init[923]: ci-info: | Route | Destination | Gateway  |     Genmask     | Interface | Flags |
[   21.863688] cloud-init[923]: ci-info: +-------+-------------+----------+-----------------+-----------+-------+
[   21.866668] cloud-init[923]: ci-info: |   0   |   0.0.0.0   | 10.0.2.2 |     0.0.0.0     |   enp0s3  |   UG  |
[   21.869501] cloud-init[923]: ci-info: |   1   |   10.0.2.0  | 0.0.0.0  |  255.255.255.0  |   enp0s3  |   U   |
[   21.872239] cloud-init[923]: ci-info: |   2   |   10.0.2.2  | 0.0.0.0  | 255.255.255.255 |   enp0s3  |   UH  |
[   21.874698] cloud-init[923]: ci-info: +-------+-------------+----------+-----------------+-----------+-------+
[   21.877334] cloud-init[923]: ci-info: +++++++++++++++++++Route IPv6 info+++++++++++++++++++
[   21.879361] cloud-init[923]: ci-info: +-------+-------------+---------+-----------+-------+
[   21.881913] cloud-init[923]: ci-info: | Route | Destination | Gateway | Interface | Flags |
[   21.883945] cloud-init[923]: ci-info: +-------+-------------+---------+-----------+-------+
[   21.886082] cloud-init[923]: ci-info: |   1   |  fe80::/64  |    ::   |   enp0s3  |   U   |
[   21.888349] cloud-init[923]: ci-info: |   3   |    local    |    ::   |   enp0s3  |   U   |
[   21.890433] cloud-init[923]: ci-info: |   4   |   ff00::/8  |    ::   |   enp0s3  |   U   |
[   21.892597] cloud-init[923]: ci-info: +-------+-------------+---------+-----------+-------+
[   24.565073] cloud-init[923]: Generating public/private rsa key pair.
[   24.566885] cloud-init[923]: Your identification has been saved in /etc/ssh/ssh_host_rsa_key.
[   24.569844] cloud-init[923]: Your public key has been saved in /etc/ssh/ssh_host_rsa_key.pub.
[   24.572869] cloud-init[923]: The key fingerprint is:
[   24.574265] cloud-init[923]: SHA256:ttddqPn6zTZ8aFV3+wdj/SrqMmxtWilLb3BAp0Kq3Pw root@ubuntu-bionic
[   24.576646] cloud-init[923]: The key's randomart image is:
[   24.578073] cloud-init[923]: +---[RSA 2048]----+
[   24.579383] cloud-init[923]: |                 |
[   24.580795] cloud-init[923]: |      . . .      |
[   24.582023] cloud-init[923]: |     o . o       |
[   24.583322] cloud-init[923]: |    . . o      .+|
[   24.584811] cloud-init[923]: | . +   .S.    ..*|
[   24.587118] cloud-init[923]: |  o o  ....o ++oo|
[   24.590052] cloud-init[923]: |     . .+++ +.o=o|
[   24.591832] cloud-init[923]: |      E.=*+ ..o=*|
[   24.593722] cloud-init[923]: |       .oB+..=+o*|
[   24.595098] cloud-init[923]: +----[SHA256]-----+
[   24.596577] cloud-init[923]: Generating public/private dsa key pair.
[   24.598268] cloud-init[923]: Your identification has been saved in /etc/ssh/ssh_host_dsa_key.
[   24.600582] cloud-init[923]: Your public key has been saved in /etc/ssh/ssh_host_dsa_key.pub.
[   24.603048] cloud-init[923]: The key fingerprint is:
[   24.604636] cloud-init[923]: SHA256:/9+pfL4ju1ciiusp0StP973NpHyPDDZCqvP563qi9BA root@ubuntu-bionic
[   24.606974] cloud-init[923]: The key's randomart image is:
[   24.608663] cloud-init[923]: +---[DSA 1024]----+
[   24.609954] cloud-init[923]: |                 |
[   24.620581] cloud-init[923]: |                 |
[   24.621985] cloud-init[923]: |                 |
[   24.623290] cloud-init[923]: |                 |
[   24.624660] cloud-init[923]: |      E.S .      |
[   24.625915] cloud-init[923]: |      ...+  . . .|
[   24.627141] cloud-init[923]: |      o.oo+.+. .o|
[   24.628561] cloud-init[923]: |     .+=++o=.B @o|
[   24.629842] cloud-init[923]: |      oOXB+.o*^*O|
[   24.631244] cloud-init[923]: +----[SHA256]-----+
[   24.632672] cloud-init[923]: Generating public/private ecdsa key pair.
[   24.634394] cloud-init[923]: Your identification has been saved in /etc/ssh/ssh_host_ecdsa_key.
[   24.637174] cloud-init[923]: Your public key has been saved in /etc/ssh/ssh_host_ecdsa_key.pub.
[   24.639602] cloud-init[923]: The key fingerprint is:
[   24.641026] cloud-init[923]: SHA256:csHc9XXQIUDFmlLSx4oBGk1lbAaMZNEsedR1D7T9GPg root@ubuntu-bionic
[   24.643352] cloud-init[923]: The key's randomart image is:
[   24.644864] cloud-init[923]: +---[ECDSA 256]---+
[   24.646114] cloud-init[923]: |    .=@=*o++B*.++|
[   24.647338] cloud-init[923]: |    .+oO.O +.**.o|
[   24.648884] cloud-init[923]: |     .o * * *.oo |
[   24.650127] cloud-init[923]: |         + + . o.|
[   24.651694] cloud-init[923]: |      . S .   E .|
[   24.653658] cloud-init[923]: |       o         |
[   24.655995] cloud-init[923]: |                 |
[   24.657550] cloud-init[923]: |                 |
[   24.658841] cloud-init[923]: |                 |
[   24.660321] cloud-init[923]: +----[SHA256]-----+
[   24.661603] cloud-init[923]: Generating public/private ed25519 key pair.
[   24.663482] cloud-init[923]: Your identification has been saved in /etc/ssh/ssh_host_ed25519_key.
[   24.665764] cloud-init[923]: Your public key has been saved in /etc/ssh/ssh_host_ed25519_key.pub.
[   24.668497] cloud-init[923]: The key fingerprint is:
[   24.670264] cloud-init[923]: SHA256:NlE2bPi3vH6OTqXB8iKRdhGGGGZXqENrgc8D6R3Z/Rs root@ubuntu-bionic
[   24.673961] cloud-init[923]: The key's randomart image is:
[   24.675493] cloud-init[923]: +--[ED25519 256]--+
[   24.676867] cloud-init[923]: |     o+=.BB      |
[   24.678204] cloud-init[923]: |    +o*.=++o     |
[   24.679726] cloud-init[923]: |   . * =.o..     |
[   24.681070] cloud-init[923]: |    . X  o.oE    |
[   24.682382] cloud-init[923]: |     . oS ooo+.  |
[   24.683682] cloud-init[923]: |       o + o++   |
[   24.685033] cloud-init[923]: |        . . +.   |
[   24.686346] cloud-init[923]: |         . o...  |
[   24.687745] cloud-init[923]: |           o+o.  |
[   24.689244] cloud-init[923]: +----[SHA256]-----+
[[0;32m  OK  [0m] Started Initial cloud-init job (metadata service crawler).
[[0;32m  OK  [0m] Reached target System Initialization.
[[0;32m  OK  [0m] Listening on cloud-init hotplug hook socket.
[[0;32m  OK  [0m] Started Daily Cleanup of Temporary Directories.
         Starting LXD - unix socket.
[[0;32m  OK  [0m] Listening on D-Bus System Message Bus Socket.
[[0;32m  OK  [0m] Started Ubuntu Advantage Timer for running repeated jobs.
[[0;32m  OK  [0m] Started Discard unused blocks once a week.
[[0;32m  OK  [0m] Started Daily apt download activities.
[[0;32m  OK  [0m] Started Daily apt upgrade and clean activities.
[[0;32m  OK  [0m] Listening on ACPID Listen Socket.
         Starting Socket activation for snappy daemon.
[[0;32m  OK  [0m] Listening on Open-iSCSI iscsid Socket.
[[0;32m  OK  [0m] Listening on UUID daemon activation socket.
[[0;32m  OK  [0m] Started Message of the Day.
[[0;32m  OK  [0m] Reached target Timers.
[[0;32m  OK  [0m] Started ACPI Events Check.
[[0;32m  OK  [0m] Reached target Paths.
[[0;32m  OK  [0m] Reached target Network is Online.
         Starting Availability of block devices...
[[0;32m  OK  [0m] Reached target Remote File Systems (Pre).
[[0;32m  OK  [0m] Reached target Remote File Systems.
[[0;32m  OK  [0m] Reached target Cloud-config availability.
[[0;32m  OK  [0m] Listening on LXD - unix socket.
[[0;32m  OK  [0m] Listening on Socket activation for snappy daemon.
[[0;32m  OK  [0m] Started Availability of block devices.
[[0;32m  OK  [0m] Reached target Sockets.
[[0;32m  OK  [0m] Reached target Basic System.
[[0;32m  OK  [0m] Started D-Bus System Message Bus.
         Starting Virtualbox guest utils...
[[0;32m  OK  [0m] Started irqbalance daemon.
         Starting LSB: automatic crash report generation...
[[0;32m  OK  [0m] Reached target Login Prompts (Pre).
         Starting Snap Daemon...
         Starting LXD - container startup/shutdown...
         Starting Pollinate to seed the pseudo random number generator...
         Starting Dispatcher daemon for systemd-networkd...
         Starting System Logging Service...
         Starting LSB: Record successful boot for GRUB...
         Starting Accounts Service...
[[0;32m  OK  [0m] Started Deferred execution scheduler.
         Starting Permit User Sessions...
[[0;32m  OK  [0m] Started Regular background program processing daemon.
         Starting Login Service...
[[0;32m  OK  [0m] Started FUSE filesystem for LXC.
[[0;32m  OK  [0m] Started System Logging Service.
[[0;32m  OK  [0m] Started Permit User Sessions.
         Starting Authorization Manager...
         Starting Hold until boot process finishes up...
         Starting Terminate Plymouth Boot Screen...
[[0;32m  OK  [0m] Started Hold until boot process finishes up.
[[0;32m  OK  [0m] Started Serial Getty on ttyS0.
         Starting Set console scheme...
[[0;32m  OK  [0m] Started Terminate Plymouth Boot Screen.
[[0;32m  OK  [0m] Started LSB: automatic crash report generation.
[[0;32m  OK  [0m] Started Login Service.
[[0;32m  OK  [0m] Started Unattended Upgrades Shutdown.
[[0;32m  OK  [0m] Started Authorization Manager.
[[0;32m  OK  [0m] Started Accounts Service.
[[0;32m  OK  [0m] Started Set console scheme.
[[0;32m  OK  [0m] Created slice system-getty.slice.
[[0;32m  OK  [0m] Started Getty on tty1.
[[0;32m  OK  [0m] Reached target Login Prompts.
[[0;32m  OK  [0m] Started Virtualbox guest utils.
[[0;32m  OK  [0m] Started LSB: Record successful boot for GRUB.
[[0;32m  OK  [0m] Started LXD - container startup/shutdown.
[[0;32m  OK  [0m] Started Dispatcher daemon for systemd-networkd.
[[0;32m  OK  [0m] Started Snap Daemon.
         Starting Wait until snapd is fully seeded...
         Starting Time & Date Service...
[[0;32m  OK  [0m] Started Time & Date Service.
[[0;32m  OK  [0m] Started Wait until snapd is fully seeded.
         Starting Apply the settings specified in cloud-config...
[[0;32m  OK  [0m] Started Pollinate to seed the pseudo random number generator.
         Starting OpenBSD Secure Shell server...
[[0;32m  OK  [0m] Started OpenBSD Secure Shell server.
[[0;32m  OK  [0m] Created slice User Slice of vagrant.
         Starting User Manager for UID 1000...
[[0;32m  OK  [0m] Started Session 1 of user vagrant.
[   28.333330] cloud-init[1483]: Cloud-init v. 23.1.2-0ubuntu0~18.04.1 running 'modules:config' at Tue, 23 Jan 2024 02:00:53 +0000. Up 27.74 seconds.
[[0;32m  OK  [0m] Started User Manager for UID 1000.
[[0;32m  OK  [0m] Started Apply the settings specified in cloud-config.
[[0;32m  OK  [0m] Reached target Multi-User System.
[[0;32m  OK  [0m] Reached target Graphical Interface.
         Starting Update UTMP about System Runlevel Changes...
         Starting Execute cloud user/final scripts...
[[0;32m  OK  [0m] Started Update UTMP about System Runlevel Changes.
ci-info: no authorized SSH keys fingerprints found for user ubuntu.
<14>Jan 23 02:00:54 cloud-init: #############################################################
<14>Jan 23 02:00:54 cloud-init: -----BEGIN SSH HOST KEY FINGERPRINTS-----
<14>Jan 23 02:00:54 cloud-init: 1024 SHA256:/9+pfL4ju1ciiusp0StP973NpHyPDDZCqvP563qi9BA root@ubuntu-bionic (DSA)
<14>Jan 23 02:00:54 cloud-init: 256 SHA256:csHc9XXQIUDFmlLSx4oBGk1lbAaMZNEsedR1D7T9GPg root@ubuntu-bionic (ECDSA)
<14>Jan 23 02:00:54 cloud-init: 256 SHA256:NlE2bPi3vH6OTqXB8iKRdhGGGGZXqENrgc8D6R3Z/Rs root@ubuntu-bionic (ED25519)
<14>Jan 23 02:00:54 cloud-init: 2048 SHA256:ttddqPn6zTZ8aFV3+wdj/SrqMmxtWilLb3BAp0Kq3Pw root@ubuntu-bionic (RSA)
<14>Jan 23 02:00:54 cloud-init: -----END SSH HOST KEY FINGERPRINTS-----
<14>Jan 23 02:00:54 cloud-init: #############################################################
-----BEGIN SSH HOST KEY KEYS-----
ecdsa-sha2-nistp256 AAAAE2VjZHNhLXNoYTItbmlzdHAyNTYAAAAIbmlzdHAyNTYAAABBBCZjjZ093axFe8XtWVEga3MSzLGat0mvNwwKon5NeQ3yV91csQOlfVayVkqZ5GG/ueS8bP06bsHndPiYzShuiJc= root@ubuntu-bionic
ssh-ed25519 AAAAC3NzaC1lZDI1NTE5AAAAIM0Aaids8PIu48jpUQ414KCby2d4lpQAIlE6HjH+qujr root@ubuntu-bionic
ssh-rsa AAAAB3NzaC1yc2EAAAADAQABAAABAQC7fTAY0ait4HW5Hz6wfi6rtLJEFU9IPCoaPbBZDNcG5yJPve40OVRBNyhLXba4oZ3UegsZ99ThIGOjQz4OprvH90qu9ED2NdpZhOA3DKC6k5qSVyFZIrSVFuizx77GCPqVLRbFHyMunP+qS52ycR4vsZ0HUW+C/BVNP19OInMoTuzWWx/qApqm8X1rPeshmCCU/rBQq65p7YBnTRs/7ZcQuZv8d6UUda2ysKvgEqu+cuRdhfPirhYskdE9XQJ/9b3Vkgef7HIOF7r1bT2CexRXpWJrzcLHAUq2nBvUQG9N6FjlxAjMKZqYmit5PtkCD+tQ9UpFWTb66SE8+VSWTltB root@ubuntu-bionic
-----END SSH HOST KEY KEYS-----
[   29.146475] cloud-init[1605]: Cloud-init v. 23.1.2-0ubuntu0~18.04.1 running 'modules:final' at Tue, 23 Jan 2024 02:00:54 +0000. Up 28.85 seconds.
[   29.150051] cloud-init[1605]: Cloud-init v. 23.1.2-0ubuntu0~18.04.1 finished at Tue, 23 Jan 2024 02:00:54 +0000. Datasource DataSourceNoCloud [seed=/dev/sdb][dsmode=net].  Up 29.13 seconds
[[0;32m  OK  [0m] Started Execute cloud user/final scripts.
[[0;32m  OK  [0m] Reached target Cloud-init target.

Ubuntu 18.04.6 LTS ubuntu-bionic ttyS0

ubuntu-bionic login: 